<?xml version="1.0" encoding="UTF-8"?>
<testng-results ignored="0" total="1" passed="1" failed="0" skipped="0">
  <reporter-output>
    <line>
      <![CDATA[passed: payment record increased successfully]]>
    </line>
  </reporter-output>
  <suite started-at="2022-09-22T11:44:20 IST" name="Default suite" finished-at="2022-09-22T11:44:25 IST" duration-ms="5550">
    <groups>
    </groups>
    <test started-at="2022-09-22T11:44:20 IST" name="Default test" finished-at="2022-09-22T11:44:25 IST" duration-ms="5550">
      <class name="com.Zurich_automation_Test.AutomationScriptPayment1Test">
        <test-method is-config="true" signature="classSetup()[pri:0, instance:com.Zurich_automation_Test.AutomationScriptPayment1Test@4efac082]" started-at="2022-09-22T11:44:20 IST" name="classSetup" finished-at="2022-09-22T11:44:23 IST" duration-ms="3355" status="PASS">
          <reporter-output>
          </reporter-output>
        </test-method> <!-- classSetup -->
        <test-method is-config="true" signature="methodSetup()[pri:0, instance:com.Zurich_automation_Test.AutomationScriptPayment1Test@4efac082]" started-at="2022-09-22T11:44:23 IST" name="methodSetup" finished-at="2022-09-22T11:44:23 IST" duration-ms="525" status="PASS">
          <reporter-output>
          </reporter-output>
        </test-method> <!-- methodSetup -->
        <test-method signature="paymen1()[pri:0, instance:com.Zurich_automation_Test.AutomationScriptPayment1Test@4efac082]" started-at="2022-09-22T11:44:23 IST" name="paymen1" finished-at="2022-09-22T11:44:25 IST" duration-ms="1129" status="PASS">
          <reporter-output>
            <line>
              <![CDATA[passed: payment record increased successfully]]>
            </line>
          </reporter-output>
        </test-method> <!-- paymen1 -->
        <test-method is-config="true" signature="methodtearDown()[pri:0, instance:com.Zurich_automation_Test.AutomationScriptPayment1Test@4efac082]" started-at="2022-09-22T11:44:25 IST" name="methodtearDown" finished-at="2022-09-22T11:44:25 IST" duration-ms="245" status="PASS">
          <reporter-output>
          </reporter-output>
        </test-method> <!-- methodtearDown -->
        <test-method is-config="true" signature="classTeardown()[pri:0, instance:com.Zurich_automation_Test.AutomationScriptPayment1Test@4efac082]" started-at="2022-09-22T11:44:25 IST" name="classTeardown" finished-at="2022-09-22T11:44:25 IST" duration-ms="256" status="PASS">
          <reporter-output>
          </reporter-output>
        </test-method> <!-- classTeardown -->
      </class> <!-- com.Zurich_automation_Test.AutomationScriptPayment1Test -->
    </test> <!-- Default test -->
  </suite> <!-- Default suite -->
</testng-results>
